<?xml version="1.0" encoding="UTF-8"?>
<!-- Generated by org.testng.reporters.JUnitXMLReporter -->
<testsuite ignored="0" hostname="LAPTOP-BS77VNOF" failures="0" tests="3" name="Surefire test" time="18.962" errors="0" timestamp="2023-12-31T10:12:16 IST">
  <testcase classname="DemoIntegrationProject.demo.TestClass1" name="Test1" time="4.015"/>
  <testcase classname="DemoIntegrationProject.demo.TestClass1" name="Test2" time="3.539"/>
  <testcase classname="DemoIntegrationProject.demo.TestClass1" name="Test3" time="2.815"/>
</testsuite> <!-- Surefire test -->
