<?xml version="1.0" encoding="UTF-8"?>
<!-- Generated by org.testng.reporters.JUnitXMLReporter -->
<testsuite ignored="0" hostname="LAPTOP-BS77VNOF" failures="0" tests="3" name="Default test" time="8.299" errors="0" timestamp="2023-12-31T10:04:55 IST">
  <testcase classname="DemoIntegrationProject.demo.TestClass1" name="Test1" time="0.008"/>
  <testcase classname="DemoIntegrationProject.demo.TestClass1" name="Test2" time="0.003"/>
  <testcase classname="DemoIntegrationProject.demo.TestClass1" name="Test3" time="0.001"/>
</testsuite> <!-- Default test -->
