<?xml version="1.0" encoding="UTF-8"?>
<!-- Generated by org.testng.reporters.JUnitXMLReporter -->
<testsuite ignored="0" hostname="LAPTOP-BS77VNOF" failures="0" tests="3" name="Test" time="18.193" errors="0" timestamp="2023-12-31T10:41:06 IST">
  <testcase classname="DemoIntegrationProject.demo.TestClass1" name="Test1" time="3.218"/>
  <testcase classname="DemoIntegrationProject.demo.TestClass1" name="Test2" time="2.347"/>
  <testcase classname="DemoIntegrationProject.demo.TestClass1" name="Test3" time="3.633"/>
</testsuite> <!-- Test -->
