<?xml version="1.0" encoding="UTF-8"?>
<!-- Generated by org.testng.reporters.JUnitXMLReporter -->
<testsuite ignored="0" hostname="LAPTOP-BS77VNOF" failures="0" tests="4" name="Command line test" time="21.133" errors="0" timestamp="2023-12-31T10:22:22 IST">
  <testcase classname="DemoIntegrationProject.demo.TestClass1" name="Test1" time="4.368"/>
  <testcase classname="DemoIntegrationProject.demo.TestClass1" name="Test2" time="3.891"/>
  <testcase classname="DemoIntegrationProject.demo.TestClass1" name="Test3" time="2.905"/>
  <testcase classname="DemoIntegrationProject.demo.TestClass2" name="m1" time="0.0"/>
</testsuite> <!-- Command line test -->
