<?xml version="1.0" encoding="UTF-8"?>
<!-- Generated by org.testng.reporters.JUnitXMLReporter -->
<testsuite ignored="0" hostname="LAPTOP-BS77VNOF" failures="0" tests="3" name="Test" time="18.412" errors="0" timestamp="2023-12-31T10:33:00 IST">
  <testcase classname="DemoIntegrationProject.demo.TestClass1" name="Test1" time="3.073"/>
  <testcase classname="DemoIntegrationProject.demo.TestClass1" name="Test2" time="3.422"/>
  <testcase classname="DemoIntegrationProject.demo.TestClass1" name="Test3" time="2.512"/>
</testsuite> <!-- Test -->
