<?xml version="1.0" encoding="UTF-8"?>
<!-- Generated by org.testng.reporters.JUnitXMLReporter -->
<testsuite ignored="0" hostname="LAPTOP-BS77VNOF" failures="0" tests="3" name="Command line test" time="18.537" errors="0" timestamp="2023-12-31T10:15:23 IST">
  <testcase classname="DemoIntegrationProject.demo.TestClass1" name="Test1" time="4.079"/>
  <testcase classname="DemoIntegrationProject.demo.TestClass1" name="Test2" time="2.476"/>
  <testcase classname="DemoIntegrationProject.demo.TestClass1" name="Test3" time="2.872"/>
</testsuite> <!-- Command line test -->
