<?xml version="1.0" encoding="UTF-8"?>
<testsuite xmlns:xsi="http://www.w3.org/2001/XMLSchema-instance" xsi:noNamespaceSchemaLocation="https://maven.apache.org/surefire/maven-surefire-plugin/xsd/surefire-test-report.xsd" name="TestSuite" time="19.24" tests="3" errors="0" skipped="0" failures="0">
  <properties>
[...]
</properties>
  <testcase name="Test1" classname="DemoIntegrationProject.demo.TestClass1" time="3.077"/>
  <testcase name="Test2" classname="DemoIntegrationProject.demo.TestClass1" time="3.422"/>
  <testcase name="Test3" classname="DemoIntegrationProject.demo.TestClass1" time="2.511"/>
</testsuite>