<?xml version="1.0" encoding="UTF-8"?>
<testng-results ignored="0" total="3" passed="3" failed="0" skipped="0">
  <reporter-output>
  </reporter-output>
  <suite started-at="2023-12-31T10:32:41 IST" name="Suite" finished-at="2023-12-31T10:33:00 IST" duration-ms="18412">
    <groups>
    </groups>
    <test started-at="2023-12-31T10:32:41 IST" name="Test" finished-at="2023-12-31T10:33:00 IST" duration-ms="18412">
      <class name="DemoIntegrationProject.demo.TestClass1">
        <test-method is-config="true" signature="launchBrowser()[pri:0, instance:DemoIntegrationProject.demo.TestClass1@14555e0a]" started-at="2023-12-31T10:32:41 IST" name="launchBrowser" finished-at="2023-12-31T10:32:44 IST" duration-ms="2993" status="PASS">
          <reporter-output>
          </reporter-output>
        </test-method> <!-- launchBrowser -->
        <test-method signature="Test1()[pri:0, instance:DemoIntegrationProject.demo.TestClass1@14555e0a]" started-at="2023-12-31T10:32:44 IST" name="Test1" finished-at="2023-12-31T10:32:47 IST" duration-ms="3073" status="PASS">
          <reporter-output>
          </reporter-output>
        </test-method> <!-- Test1 -->
        <test-method is-config="true" signature="Test4()[pri:0, instance:DemoIntegrationProject.demo.TestClass1@14555e0a]" started-at="2023-12-31T10:32:47 IST" name="Test4" finished-at="2023-12-31T10:32:48 IST" duration-ms="812" status="PASS">
          <reporter-output>
          </reporter-output>
        </test-method> <!-- Test4 -->
        <test-method is-config="true" signature="launchBrowser()[pri:0, instance:DemoIntegrationProject.demo.TestClass1@14555e0a]" started-at="2023-12-31T10:32:48 IST" name="launchBrowser" finished-at="2023-12-31T10:32:50 IST" duration-ms="1944" status="PASS">
          <reporter-output>
          </reporter-output>
        </test-method> <!-- launchBrowser -->
        <test-method signature="Test2()[pri:0, instance:DemoIntegrationProject.demo.TestClass1@14555e0a]" started-at="2023-12-31T10:32:50 IST" name="Test2" finished-at="2023-12-31T10:32:54 IST" duration-ms="3422" status="PASS">
          <reporter-output>
          </reporter-output>
        </test-method> <!-- Test2 -->
        <test-method is-config="true" signature="Test4()[pri:0, instance:DemoIntegrationProject.demo.TestClass1@14555e0a]" started-at="2023-12-31T10:32:54 IST" name="Test4" finished-at="2023-12-31T10:32:54 IST" duration-ms="763" status="PASS">
          <reporter-output>
          </reporter-output>
        </test-method> <!-- Test4 -->
        <test-method is-config="true" signature="launchBrowser()[pri:0, instance:DemoIntegrationProject.demo.TestClass1@14555e0a]" started-at="2023-12-31T10:32:54 IST" name="launchBrowser" finished-at="2023-12-31T10:32:57 IST" duration-ms="2125" status="PASS">
          <reporter-output>
          </reporter-output>
        </test-method> <!-- launchBrowser -->
        <test-method signature="Test3()[pri:0, instance:DemoIntegrationProject.demo.TestClass1@14555e0a]" started-at="2023-12-31T10:32:57 IST" name="Test3" finished-at="2023-12-31T10:32:59 IST" duration-ms="2512" status="PASS">
          <reporter-output>
          </reporter-output>
        </test-method> <!-- Test3 -->
        <test-method is-config="true" signature="Test4()[pri:0, instance:DemoIntegrationProject.demo.TestClass1@14555e0a]" started-at="2023-12-31T10:32:59 IST" name="Test4" finished-at="2023-12-31T10:33:00 IST" duration-ms="712" status="PASS">
          <reporter-output>
          </reporter-output>
        </test-method> <!-- Test4 -->
      </class> <!-- DemoIntegrationProject.demo.TestClass1 -->
    </test> <!-- Test -->
  </suite> <!-- Suite -->
</testng-results>
