<?xml version="1.0" encoding="UTF-8"?>
<testng-results ignored="0" total="3" passed="3" failed="0" skipped="0">
  <reporter-output>
  </reporter-output>
  <suite started-at="2023-12-31T10:40:47 IST" name="Suite" finished-at="2023-12-31T10:41:06 IST" duration-ms="18193">
    <groups>
    </groups>
    <test started-at="2023-12-31T10:40:47 IST" name="Test" finished-at="2023-12-31T10:41:06 IST" duration-ms="18193">
      <class name="DemoIntegrationProject.demo.TestClass1">
        <test-method is-config="true" signature="launchBrowser()[pri:0, instance:DemoIntegrationProject.demo.TestClass1@2e385cce]" started-at="2023-12-31T10:40:47 IST" name="launchBrowser" finished-at="2023-12-31T10:40:50 IST" duration-ms="3008" status="PASS">
          <reporter-output>
          </reporter-output>
        </test-method> <!-- launchBrowser -->
        <test-method signature="Test1()[pri:0, instance:DemoIntegrationProject.demo.TestClass1@2e385cce]" started-at="2023-12-31T10:40:50 IST" name="Test1" finished-at="2023-12-31T10:40:54 IST" duration-ms="3218" status="PASS">
          <reporter-output>
          </reporter-output>
        </test-method> <!-- Test1 -->
        <test-method is-config="true" signature="Test4()[pri:0, instance:DemoIntegrationProject.demo.TestClass1@2e385cce]" started-at="2023-12-31T10:40:54 IST" name="Test4" finished-at="2023-12-31T10:40:54 IST" duration-ms="731" status="PASS">
          <reporter-output>
          </reporter-output>
        </test-method> <!-- Test4 -->
        <test-method is-config="true" signature="launchBrowser()[pri:0, instance:DemoIntegrationProject.demo.TestClass1@2e385cce]" started-at="2023-12-31T10:40:54 IST" name="launchBrowser" finished-at="2023-12-31T10:40:56 IST" duration-ms="1822" status="PASS">
          <reporter-output>
          </reporter-output>
        </test-method> <!-- launchBrowser -->
        <test-method signature="Test2()[pri:0, instance:DemoIntegrationProject.demo.TestClass1@2e385cce]" started-at="2023-12-31T10:40:56 IST" name="Test2" finished-at="2023-12-31T10:40:59 IST" duration-ms="2347" status="PASS">
          <reporter-output>
          </reporter-output>
        </test-method> <!-- Test2 -->
        <test-method is-config="true" signature="Test4()[pri:0, instance:DemoIntegrationProject.demo.TestClass1@2e385cce]" started-at="2023-12-31T10:40:59 IST" name="Test4" finished-at="2023-12-31T10:40:59 IST" duration-ms="703" status="PASS">
          <reporter-output>
          </reporter-output>
        </test-method> <!-- Test4 -->
        <test-method is-config="true" signature="launchBrowser()[pri:0, instance:DemoIntegrationProject.demo.TestClass1@2e385cce]" started-at="2023-12-31T10:40:59 IST" name="launchBrowser" finished-at="2023-12-31T10:41:01 IST" duration-ms="1920" status="PASS">
          <reporter-output>
          </reporter-output>
        </test-method> <!-- launchBrowser -->
        <test-method signature="Test3()[pri:0, instance:DemoIntegrationProject.demo.TestClass1@2e385cce]" started-at="2023-12-31T10:41:01 IST" name="Test3" finished-at="2023-12-31T10:41:05 IST" duration-ms="3633" status="PASS">
          <reporter-output>
          </reporter-output>
        </test-method> <!-- Test3 -->
        <test-method is-config="true" signature="Test4()[pri:0, instance:DemoIntegrationProject.demo.TestClass1@2e385cce]" started-at="2023-12-31T10:41:05 IST" name="Test4" finished-at="2023-12-31T10:41:06 IST" duration-ms="737" status="PASS">
          <reporter-output>
          </reporter-output>
        </test-method> <!-- Test4 -->
      </class> <!-- DemoIntegrationProject.demo.TestClass1 -->
    </test> <!-- Test -->
  </suite> <!-- Suite -->
</testng-results>
